2022-12-26 02:15:07.8680| INFO|Core|Setup.LogHeader ────────────[ Bot Muzyczny ]────────────
2022-12-26 02:15:07.9090| INFO|Core|Setup.LogHeader 
2022-12-26 02:15:07.9119| INFO|Core|Setup.LogHeader » Aplikacja stworzona przez Janek.
2022-12-26 02:15:07.9119| INFO|Core|Setup.LogHeader 
2022-12-26 02:15:07.9119| INFO|Core|Setup.LogHeader » Wersja: 1.0
2022-12-26 02:15:07.9119| INFO|Core|Setup.LogHeader 
2022-12-26 02:15:07.9119| INFO|Core|Setup.LogHeader Aplikacja została uruchomiona! Miłego Korzystania!
2022-12-26 02:15:07.9412| INFO|Core|Setup.LogHeader 
2022-12-26 02:15:07.9466| INFO|Core|Setup.LogHeader ────────────[ Bot Muzyczny ]────────────
2022-12-26 02:15:08.4804| INFO|Core|WebServer.StartWebServerInternal Strona została uruchomiona na porcie: 58913
2022-12-26 02:15:08.7378| INFO|Core|Bot.Run Bot "default" połączył się z: "WizardRPG.pl"
2022-12-26 02:15:09.7900| INFO|Core|Ts3Client.ConnectClient Bot został połączony.
2022-12-26 02:15:13.5168| INFO|0|Bot.OnMessageReceived Użytkownik 亚内克 wysłał komende: !BOT INFO
2022-12-26 02:15:25.0662| INFO|0|Bot.OnMessageReceived Użytkownik 亚内克 wysłał komende: !system info
2022-12-26 02:15:29.4534| INFO|0|Bot.OnMessageReceived Użytkownik 亚内克 wysłał komende: !system
2022-12-26 02:15:39.3894| INFO||Core.ConsoleInterruptHandler Odebrano sygnał przerwania, próba miękkiego wyjścia
2022-12-26 02:15:39.3894| INFO||Core.StopAsync Boty muzyczne wyłączone!
2022-12-26 02:15:39.3977| INFO||Bot.Stop Bot (0) wyłączony.
2022-12-26 02:15:40.9011| INFO||WebServer.Dispose Strona jest w trakcie wyłączania
2022-12-26 02:15:40.9011| INFO|Core|WebServer.OnShutdown Strona została wyłączona
2022-12-26 02:15:40.9011| INFO||Core.StopAsync Do zobaczenia!
