2022-12-26 02:24:16.0517| INFO|Core|Setup.LogHeader ────────────[ Bot Muzyczny ]────────────
2022-12-26 02:24:16.0904| INFO|Core|Setup.LogHeader 
2022-12-26 02:24:16.0904| INFO|Core|Setup.LogHeader » Aplikacja stworzona przez Janek.
2022-12-26 02:24:16.0904| INFO|Core|Setup.LogHeader 
2022-12-26 02:24:16.0904| INFO|Core|Setup.LogHeader » Wersja: 1.0
2022-12-26 02:24:16.0904| INFO|Core|Setup.LogHeader 
2022-12-26 02:24:16.0904| INFO|Core|Setup.LogHeader Aplikacja została uruchomiona! Miłego Korzystania!
2022-12-26 02:24:16.0904| INFO|Core|Setup.LogHeader 
2022-12-26 02:24:16.0999| INFO|Core|Setup.LogHeader ────────────[ Bot Muzyczny ]────────────
2022-12-26 02:24:16.6054| INFO|Core|WebServer.StartWebServerInternal Strona została uruchomiona na porcie: 58913
2022-12-26 02:24:16.9384| INFO|Core|Bot.Run Bot "default" połączył się z: "WizardRPG.pl"
2022-12-26 02:24:20.4556| WARN|0|PacketHandler`2.FetchPackets Dropping not decryptable packet: AE FA B9 05 DD 6A 5E E7 00 00 02 97 76 8B 54 AD 79 E3 AF 87 EB AA 1A 0B FB CF 0C C9 26 DD 3D 56 F3 E1 D5 CA 07 49 E5 CA 92 4F 11 7D D9 FC 77 3A 01 C1 67 38 01 CC 44 E0 11 FC D1 60 B2 70 C5 5D 59 89 9E 59 D7 75 54 B1 7A 7C 1D 21 CE BF 13 CE 42 AD D1 33 B0 D4 0A A9 B7 76 0D C3 9F 1F 70 54 5D B4 2D 60 E3 9D 35 24 A7 FD 5E 96 56 95 93 F4 36 DD 22 B4 4C 5E 0B 33 91 82 A1 25 2A 13 5D 60 E4 09 AF D3 CA 37 90 A5 76 DB EF CD 5F 3C A4 07 68 96 E5 0D 65 E4 82 80 DD 87 83 8F 0C 44 A8 AA EA 49 C3 0C CD 0A C8 B0 B2 E2 01 66 ED 4C E3 52 66 30 EA F5 F6 F5 D3 08 08 C1 A1 15 0E 91 2C 0D A9 10 70 F6 E0 78 2E 05 75 38 E9 0A 5C 9B 89 24 8C 8C CC FF 59 13 2E B6 18 71 E2 EA 5F 3C 2A 74 41 9D E2 1C DF A3 69 BC B2 DF F2 38 1F CD 75 2D AB 66 6E DB BB 6F BE 4C EC E0 BB 8E 67 69 CA F2 8D 39 25 D0 3E FB 4A 9D F9 96 04 17 9A 4C 28 B3 4A B3 A3 88 3E 5C E5 0E 83 B6 4D E8 61 CA B8 85 E2 5F 69 E6 2A AD 09 88 4A 34 74 05 E6 6D 16 2C B7 E4 30 D6 3E 5C A4 F4 39 77 4A 76 9A A1 55 CF FA F3 27 94 84 B5 80 BA E7 8A C6 7C E3 DC 8D 5C 4F 38 1B 78 FD 26 16 FD AB 9C 28 7F 1D C5 35 63 5F 22 4B 0F CE 1B 30 07 E7 64 6B CF 94 93 4C F8 8E 15 BA 24 40 70 04 8B 5C 0E DF 8C BD C1 38 BD 12 56 80 36 6F 66 53 6A 51 5A DE 95 44 71 3C 4F D0 DE BD D1 82 D6 E3 3F 52 B6 46 FB 4D 1C 81 85 55 7E 54 D3 C6 E1 45 39 81 C8 2B 3E 8D DB C5 30 E1 1D 3D 5B 29 1E 13 30 D0 FD 43 52 EE 48 74 BB 68 0B 67 C8 5E 56 F0 8E D7 C1 8D 29 56 C1 BD 0D 96 E1 9F 62 F0 F0 E7 4D 4C E2 85 79 0F 34 E1 A1 C7 BD C5 DA 19 73 EB 
2022-12-26 02:24:22.1601| INFO|Core|Ts3Client.ConnectClient Bot został połączony.
2022-12-26 02:24:39.0316| INFO|0|Bot.OnMessageReceived Użytkownik 亚内克 wysłał komende: !polacz
2022-12-26 02:24:39.1043| WARN|0|RightsManager.ReadFile Right "cmd.eval" is not registered.
2022-12-26 02:24:41.6718| INFO|0|Bot.OnMessageReceived Użytkownik 亚内克 wysłał komende: !pomoc
2022-12-26 02:25:13.7573| INFO||Core.ConsoleInterruptHandler Odebrano sygnał przerwania, próba miękkiego wyjścia
2022-12-26 02:25:13.7573| INFO||Core.StopAsync Boty muzyczne wyłączone!
2022-12-26 02:25:13.7573| INFO||Bot.Stop Bot (0) wyłączony.
2022-12-26 02:25:13.8510| INFO||WebServer.Dispose Strona jest w trakcie wyłączania
2022-12-26 02:25:13.8510| INFO|Core|WebServer.OnShutdown Strona została wyłączona
2022-12-26 02:25:13.8510| INFO||Core.StopAsync Do zobaczenia!
