2022-12-26 01:01:37.0507| INFO|Core|Setup.LogHeader ────────────[ Bot Muzyczny ]────────────
2022-12-26 01:01:37.0964| INFO|Core|Setup.LogHeader 
2022-12-26 01:01:37.0964| INFO|Core|Setup.LogHeader » Aplikacja stworzona przez Janek.
2022-12-26 01:01:37.1004| INFO|Core|Setup.LogHeader 
2022-12-26 01:01:37.1004| INFO|Core|Setup.LogHeader » Wersja: 1.0
2022-12-26 01:01:37.1004| INFO|Core|Setup.LogHeader 
2022-12-26 01:01:37.1004| INFO|Core|Setup.LogHeader Aplikacja została uruchomiona! Miłego Korzystania!
2022-12-26 01:01:37.1004| INFO|Core|Setup.LogHeader 
2022-12-26 01:01:37.1004| INFO|Core|Setup.LogHeader ────────────[ Bot Muzyczny ]────────────
2022-12-26 01:01:37.9024| INFO|Core|WebServer.StartWebServerInternal Strona została uruchomiona na porcie: 58913
2022-12-26 01:01:38.2109| INFO|Core|Bot.Run Bot "default" połączył się z: "WizardRPG.pl"
2022-12-26 01:01:41.1470| WARN|0|PacketHandler`2.FetchPackets Dropping not decryptable packet: 2B 9B 5C FE CE 4B 5A EF 00 00 02 97 76 8B 54 AD 79 E3 AF 87 EB AA 1A 0B FB CF 0C C9 26 DD 3D 56 F3 E1 D5 CA 07 49 E5 CA 92 4F 11 7D D9 FC 77 3A 01 C1 67 38 01 CC 44 E0 11 FC D1 60 B2 70 C5 5D 59 89 9E 59 D7 75 54 B1 7A 7C 1D 21 CE BF 13 CE 42 AD D1 33 B0 D4 0A A9 B7 76 0D C3 9F 1F 70 54 5D B4 2D 60 E3 9D 35 24 A7 FD 58 E4 67 BB E8 C2 2C CF 2B 9A 58 0A 2B 3B AA B3 BC 48 1A 08 1C 6C A3 02 81 89 ED 05 81 C8 4A DC EC E8 63 15 B3 14 49 86 D1 0E 0C EA AA 92 F6 91 96 88 0F 72 B8 A5 F2 60 AF 0C D0 48 CF A1 A7 BE 54 5F D9 68 FE 21 38 2F 84 CE D2 AA B3 45 7E D6 B5 4D 16 E6 47 54 AC 71 7F D2 EA 5B 3D 4F 57 2C FB 3A 56 C5 BF 15 BD D2 FE 99 51 25 22 E4 5D 42 FA C7 7E 26 6F 45 7D D4 D6 1B 90 B1 5A B2 CA F8 C1 4A 03 81 77 6F E7 61 7A CD F4 6D B6 4E EA BC CB 86 55 5A CF D4 89 1B 25 F6 1C D9 6C B5 D2 B8 30 25 A3 73 2C B5 7E 9D 94 89 24 73 E6 10 AD 9B 78 9B 01 EF BA 87 C7 20 0C FD 3E C3 6E B1 61 3E 4D 26 E5 46 20 2C A9 C6 29 C5 16 44 85 DD 31 70 66 26 FF B7 42 F6 F7 CD 54 EF 85 95 C3 B4 8D B4 9B 1A D2 D6 89 06 2B 5E 4C 70 A1 4D 19 E1 8E D9 61 2A 5D C1 76 26 62 26 49 1B B4 54 2B 4E EB 75 3B CD 89 93 45 A3 FE 1D AA 32 4A 68 04 C1 4E 48 80 B8 D0 D2 22 E4 42 33 AF 36 1C 0A 52 25 49 2A D1 81 7F 53 12 16 82 F8 93 EE B7 89 9C 21 17 91 00 BF 68 2F DA E0 68 52 7C DF E0 F2 63 00 F3 C0 7E 4B F8 F9 C6 1F D3 10 69 7C 2F 1F 64 53 F0 D4 49 4F B2 29 65 EC 78 52 56 E6 2B 76 EE D4 EF F4 A7 0D 6F E1 FA 45 EA 8D 82 36 F2 E2 A3 19 51 E6 8D 21 03 33 E0 A4 C5 BC C6 D4 11 74 
2022-12-26 01:01:41.8491| WARN|0|PacketHandler`2.FetchPackets Dropping not decryptable packet: 2B 9B 5C FE CE 4B 5A EF 00 00 02 97 76 8B 54 AD 79 E3 AF 87 EB AA 1A 0B FB CF 0C C9 26 DD 3D 56 F3 E1 D5 CA 07 49 E5 CA 92 4F 11 7D D9 FC 77 3A 01 C1 67 38 01 CC 44 E0 11 FC D1 60 B2 70 C5 5D 59 89 9E 59 D7 75 54 B1 7A 7C 1D 21 CE BF 13 CE 42 AD D1 33 B0 D4 0A A9 B7 76 0D C3 9F 1F 70 54 5D B4 2D 60 E3 9D 35 24 A7 FD 58 E4 67 BB E8 C2 2C CF 2B 9A 58 0A 2B 3B AA B3 BC 48 1A 08 1C 6C A3 02 81 89 ED 05 81 C8 4A DC EC E8 63 15 B3 14 49 86 D1 0E 0C EA AA 92 F6 91 96 88 0F 72 B8 A5 F2 60 AF 0C D0 48 CF A1 A7 BE 54 5F D9 68 FE 21 38 2F 84 CE D2 AA B3 45 7E D6 B5 4D 16 E6 47 54 AC 71 7F D2 EA 5B 3D 4F 57 2C FB 3A 56 C5 BF 15 BD D2 FE 99 51 25 22 E4 5D 42 FA C7 7E 26 6F 45 7D D4 D6 1B 90 B1 5A B2 CA F8 C1 4A 03 81 77 6F E7 61 7A CD F4 6D B6 4E EA BC CB 86 55 5A CF D4 89 1B 25 F6 1C D9 6C B5 D2 B8 30 25 A3 73 2C B5 7E 9D 94 89 24 73 E6 10 AD 9B 78 9B 01 EF BA 87 C7 20 0C FD 3E C3 6E B1 61 3E 4D 26 E5 46 20 2C A9 C6 29 C5 16 44 85 DD 31 70 66 26 FF B7 42 F6 F7 CD 54 EF 85 95 C3 B4 8D B4 9B 1A D2 D6 89 06 2B 5E 4C 70 A1 4D 19 E1 8E D9 61 2A 5D C1 76 26 62 26 49 1B B4 54 2B 4E EB 75 3B CD 89 93 45 A3 FE 1D AA 32 4A 68 04 C1 4E 48 80 B8 D0 D2 22 E4 42 33 AF 36 1C 0A 52 25 49 2A D1 81 7F 53 12 16 82 F8 93 EE B7 89 9C 21 17 91 00 BF 68 2F DA E0 68 52 7C DF E0 F2 63 00 F3 C0 7E 4B F8 F9 C6 1F D3 10 69 7C 2F 1F 64 53 F0 D4 49 4F B2 29 65 EC 78 52 56 E6 2B 76 EE D4 EF F4 A7 0D 6F E1 FA 45 EA 8D 82 36 F2 E2 A3 19 51 E6 8D 21 03 33 E0 A4 C5 BC C6 D4 11 74 
2022-12-26 01:01:43.4090| INFO|Core|Ts3Client.ConnectClient Bot został połączony.
2022-12-26 01:02:02.8966| INFO|0|Bot.OnMessageReceived Użytkownik 亚内克 wysłał komende: !play elo
2022-12-26 01:02:03.0117| INFO|0|Bot.OnMessageReceived Użytkownik 亚内克 wysłał komende: !play elo
2022-12-26 01:02:03.0117|FATAL|0|Core.UnhandledExceptionHandler Critical program failure!
TS3AudioBot.AudioBotException: Youtube-Dl nie może załadować piosenki z powodu ograniczeń nałożonych na ten utwór.
   at TS3AudioBot.ResourceFactories.YoutubeDlHelper.GetSearchAsync(String text) in C:\Users\Janek\OneDrive\Pulpit\WizardBOTS\TS3AudioBot\ResourceFactories\YoutubeDlHelper.cs:line 61
   at TS3AudioBot.ResourceFactories.Youtube.YoutubeResolver.SearchYoutubeDlAsync(String keyword) in C:\Users\Janek\OneDrive\Pulpit\WizardBOTS\TS3AudioBot\ResourceFactories\Youtube\YoutubeResolver.cs:line 422
   at TS3AudioBot.ResourceFactories.Youtube.YoutubeResolver.Search(ResolveContext _, String keyword) in C:\Users\Janek\OneDrive\Pulpit\WizardBOTS\TS3AudioBot\ResourceFactories\Youtube\YoutubeResolver.cs:line 396
   at TS3AudioBot.ResourceFactories.ResourceResolver.Search(ResolveContext ctx, String resolverName, String query) in C:\Users\Janek\OneDrive\Pulpit\WizardBOTS\TS3AudioBot\ResourceFactories\ResourceResolver.cs:line 225
   at TS3AudioBot.MainCommands.CommandPlay(PlayManager playManager, InvokerData invoker, ResolveContext resolver, Ts3Client ts3Client, String url, String[] attributes) in C:\Users\Janek\OneDrive\Pulpit\WizardBOTS\TS3AudioBot\MainCommands.cs:line 1068
   at System.Threading.Tasks.Task.<>c.<ThrowAsync>b__139_1(Object state)
   at System.Threading.QueueUserWorkItemCallback.<>c.<.cctor>b__6_0(QueueUserWorkItemCallback quwi)
   at System.Threading.ExecutionContext.RunForThreadPoolUnsafe[TState](ExecutionContext executionContext, Action`1 callback, TState& state)
   at System.Threading.QueueUserWorkItemCallback.Execute()
   at System.Threading.ThreadPoolWorkQueue.Dispatch()
   at System.Threading._ThreadPoolWaitCallback.PerformWaitCallback()
2022-12-26 01:02:03.0117|FATAL|0|Core.UnhandledExceptionHandler Critical program failure!
TS3AudioBot.AudioBotException: Youtube-Dl nie może załadować piosenki z powodu ograniczeń nałożonych na ten utwór.
   at TS3AudioBot.ResourceFactories.YoutubeDlHelper.GetSearchAsync(String text) in C:\Users\Janek\OneDrive\Pulpit\WizardBOTS\TS3AudioBot\ResourceFactories\YoutubeDlHelper.cs:line 61
   at TS3AudioBot.ResourceFactories.Youtube.YoutubeResolver.SearchYoutubeDlAsync(String keyword) in C:\Users\Janek\OneDrive\Pulpit\WizardBOTS\TS3AudioBot\ResourceFactories\Youtube\YoutubeResolver.cs:line 422
   at TS3AudioBot.ResourceFactories.Youtube.YoutubeResolver.Search(ResolveContext _, String keyword) in C:\Users\Janek\OneDrive\Pulpit\WizardBOTS\TS3AudioBot\ResourceFactories\Youtube\YoutubeResolver.cs:line 396
   at TS3AudioBot.ResourceFactories.ResourceResolver.Search(ResolveContext ctx, String resolverName, String query) in C:\Users\Janek\OneDrive\Pulpit\WizardBOTS\TS3AudioBot\ResourceFactories\ResourceResolver.cs:line 225
   at TS3AudioBot.MainCommands.CommandPlay(PlayManager playManager, InvokerData invoker, ResolveContext resolver, Ts3Client ts3Client, String url, String[] attributes) in C:\Users\Janek\OneDrive\Pulpit\WizardBOTS\TS3AudioBot\MainCommands.cs:line 1068
   at System.Threading.Tasks.Task.<>c.<ThrowAsync>b__139_1(Object state)
   at System.Threading.QueueUserWorkItemCallback.<>c.<.cctor>b__6_0(QueueUserWorkItemCallback quwi)
   at System.Threading.ExecutionContext.RunForThreadPoolUnsafe[TState](ExecutionContext executionContext, Action`1 callback, TState& state)
   at System.Threading.QueueUserWorkItemCallback.Execute()
   at System.Threading.ThreadPoolWorkQueue.Dispatch()
   at System.Threading._ThreadPoolWaitCallback.PerformWaitCallback()
2022-12-26 01:02:03.0399| INFO|0|Core.StopAsync Boty muzyczne wyłączone!
2022-12-26 01:02:03.0399| INFO|0|Core.StopAsync Boty muzyczne wyłączone!
2022-12-26 01:02:03.0399| INFO|0|WebServer.Dispose Strona jest w trakcie wyłączania
2022-12-26 01:02:03.0399| INFO|Core|WebServer.OnShutdown Strona została wyłączona
2022-12-26 01:02:03.0399| INFO|0|Bot.Stop Bot (0) wyłączony.
2022-12-26 01:02:03.0399| INFO|0|Core.StopAsync Do zobaczenia!
2022-12-26 01:02:03.1640| INFO|0|WebServer.Dispose Strona jest w trakcie wyłączania
