2022-12-24 17:17:18.8350| INFO|Core|Setup.LogHeader ────────────[ Bot Muzyczny ]────────────
2022-12-24 17:17:18.8750| INFO|Core|Setup.LogHeader 
2022-12-24 17:17:18.8750| INFO|Core|Setup.LogHeader » Aplikacja stworzona przez Janek.
2022-12-24 17:17:18.8814| INFO|Core|Setup.LogHeader 
2022-12-24 17:17:18.8814| INFO|Core|Setup.LogHeader » Wersja: 1.0
2022-12-24 17:17:18.8814| INFO|Core|Setup.LogHeader 
2022-12-24 17:17:18.8814| INFO|Core|Setup.LogHeader Aplikacja została uruchomiona! Miłego Korzystania!
2022-12-24 17:17:18.9191| INFO|Core|Setup.LogHeader 
2022-12-24 17:17:18.9191| INFO|Core|Setup.LogHeader ────────────[ Bot Muzyczny ]────────────
2022-12-24 17:17:19.5256| INFO|Core|WebServer.StartWebServerInternal Strona została uruchomiona na porcie: 58913
2022-12-24 17:17:19.8234| INFO|Core|Bot.Run Bot "default" połączył się z: "WizardRPG.pl"
2022-12-24 17:17:21.1609| INFO|Core|Ts3Client.ConnectClient Bot został połączony.
2022-12-24 17:17:34.4983| INFO|0|LocalizationManager.DownloadAvaliableLanguages Checking for requested language online
2022-12-24 17:17:34.8634| WARN|0|LocalizationManager.DownloadAvaliableLanguages Failed to download language overview list
TS3AudioBot.AudioBotException: Invalid or malformed response parts. (json-request)
   at TS3AudioBot.Helper.WebWrapper.AsJson[T](HttpRequestMessage request) in C:\Users\Janek\OneDrive\Pulpit\WizardBOTS\TS3AudioBot\Helper\WebWrapper.cs:line 116
   at TS3AudioBot.Localization.LocalizationManager.DownloadAvaliableLanguages() in C:\Users\Janek\OneDrive\Pulpit\WizardBOTS\TS3AudioBot\Localization\LocalizationManager.cs:line 167
2022-12-24 17:17:34.8919|ERROR|0|Bot.OnMessageReceived Failed to load language file (Could not find language file)
2022-12-24 17:17:34.8919| INFO|0|Bot.OnMessageReceived User 亚内克 requested: !stacje
2022-12-24 17:18:43.6214| INFO||Core.ConsoleInterruptHandler Odebrano sygnał przerwania, próba miękkiego wyjścia
2022-12-24 17:18:43.6214| INFO||Core.StopAsync Boty muzyczne wyłączone!
2022-12-24 17:18:43.6796| INFO||Bot.Stop Bot (0) wyłączony.
2022-12-24 17:18:43.7782| INFO||WebServer.Dispose WebServer jest w trakcie wyłączania
2022-12-24 17:18:43.8371| INFO|Core|WebServer.OnShutdown Strona została wyłączona
2022-12-24 17:18:43.8371| INFO||Core.StopAsync Do zobaczenia!
