2022-12-24 17:19:39.1229| INFO|Core|Setup.LogHeader ────────────[ Bot Muzyczny ]────────────
2022-12-24 17:19:39.1655| INFO|Core|Setup.LogHeader 
2022-12-24 17:19:39.1655| INFO|Core|Setup.LogHeader » Aplikacja stworzona przez Janek.
2022-12-24 17:19:39.1655| INFO|Core|Setup.LogHeader 
2022-12-24 17:19:39.1655| INFO|Core|Setup.LogHeader » Wersja: 1.0
2022-12-24 17:19:39.1655| INFO|Core|Setup.LogHeader 
2022-12-24 17:19:39.1655| INFO|Core|Setup.LogHeader Aplikacja została uruchomiona! Miłego Korzystania!
2022-12-24 17:19:39.1780| INFO|Core|Setup.LogHeader 
2022-12-24 17:19:39.1780| INFO|Core|Setup.LogHeader ────────────[ Bot Muzyczny ]────────────
2022-12-24 17:19:39.7717| INFO|Core|WebServer.StartWebServerInternal Strona została uruchomiona na porcie: 58913
2022-12-24 17:19:40.3926| INFO|Core|Bot.Run Bot "default" połączył się z: "WizardRPG.pl"
2022-12-24 17:19:48.4194| INFO|Core|Ts3Client.ConnectClient Bot został połączony.
2022-12-24 17:19:53.9558| INFO|0|LocalizationManager.DownloadAvaliableLanguages Checking for requested language online
2022-12-24 17:20:01.6945| WARN|0|LocalizationManager.DownloadAvaliableLanguages Failed to download language overview list
TS3AudioBot.AudioBotException: Invalid or malformed response parts. (json-request)
   at TS3AudioBot.Helper.WebWrapper.AsJson[T](HttpRequestMessage request) in C:\Users\Janek\OneDrive\Pulpit\WizardBOTS\TS3AudioBot\Helper\WebWrapper.cs:line 116
   at TS3AudioBot.Localization.LocalizationManager.DownloadAvaliableLanguages() in C:\Users\Janek\OneDrive\Pulpit\WizardBOTS\TS3AudioBot\Localization\LocalizationManager.cs:line 167
2022-12-24 17:20:01.7209|ERROR|0|Bot.OnMessageReceived Failed to load language file (Could not find language file)
2022-12-24 17:20:01.7209| INFO|0|Bot.OnMessageReceived User 亚内克 requested: !stacje
2022-12-24 17:20:17.1209| INFO|0|Bot.OnMessageReceived User 亚内克 requested: !sdad
2022-12-24 17:20:18.9086| INFO|0|Bot.OnMessageReceived User 亚内克 requested: !Dasdada
2022-12-24 17:20:42.3638| INFO||Core.ConsoleInterruptHandler Odebrano sygnał przerwania, próba miękkiego wyjścia
2022-12-24 17:20:42.3671| INFO||Core.StopAsync Boty muzyczne wyłączone!
2022-12-24 17:20:42.3671| INFO||Bot.Stop Bot (0) wyłączony.
2022-12-24 17:20:42.9729| INFO||Core.ConsoleInterruptHandler Dostałem wiele sygnałów przerwań, próbuję wymusić wyjście.
