2022-12-24 17:35:38.7715| INFO|Core|Setup.LogHeader ────────────[ Bot Muzyczny ]────────────
2022-12-24 17:35:38.8151| INFO|Core|Setup.LogHeader 
2022-12-24 17:35:38.8151| INFO|Core|Setup.LogHeader » Aplikacja stworzona przez Janek.
2022-12-24 17:35:38.8195| INFO|Core|Setup.LogHeader 
2022-12-24 17:35:38.8195| INFO|Core|Setup.LogHeader » Wersja: 1.0
2022-12-24 17:35:38.8195| INFO|Core|Setup.LogHeader 
2022-12-24 17:35:38.8195| INFO|Core|Setup.LogHeader Aplikacja została uruchomiona! Miłego Korzystania!
2022-12-24 17:35:38.8195| INFO|Core|Setup.LogHeader 
2022-12-24 17:35:38.8195| INFO|Core|Setup.LogHeader ────────────[ Bot Muzyczny ]────────────
2022-12-24 17:35:39.5272| INFO|Core|WebServer.StartWebServerInternal Strona została uruchomiona na porcie: 58913
2022-12-24 17:35:39.8197| INFO|Core|Bot.Run Bot "default" połączył się z: "WizardRPG.pl"
2022-12-24 17:35:41.0911| INFO|Core|Ts3Client.ConnectClient Bot został połączony.
2022-12-24 17:35:44.1544| WARN|0|LocalizationManager.LoadLanguageAssembly Failed to load language file 'C:\Users\Janek\OneDrive\Pulpit\WizardBOTS\TS3AudioBot\bin\Release\netcoreapp3.1\pl\TS3AudioBot.resources.dll'
System.BadImageFormatException: Could not load file or assembly 'C:\Users\Janek\OneDrive\Pulpit\WizardBOTS\TS3AudioBot\bin\Release\netcoreapp3.1\pl\TS3AudioBot.resources.dll'. Format of the executable (.exe) or library (.dll) is invalid.
File name: 'C:\Users\Janek\OneDrive\Pulpit\WizardBOTS\TS3AudioBot\bin\Release\netcoreapp3.1\pl\TS3AudioBot.resources.dll'
   at System.Runtime.Loader.AssemblyLoadContext.LoadFromPath(IntPtr ptrNativeAssemblyLoadContext, String ilPath, String niPath, ObjectHandleOnStack retAssembly)
   at System.Runtime.Loader.AssemblyLoadContext.LoadFromAssemblyPath(String assemblyPath)
   at System.Reflection.Assembly.LoadFrom(String assemblyFile)
   at TS3AudioBot.Localization.LocalizationManager.LoadLanguageAssembly(LanguageData languageDataInfo, CultureInfo culture, Boolean forceDownload) in C:\Users\Janek\OneDrive\Pulpit\WizardBOTS\TS3AudioBot\Localization\LocalizationManager.cs:line 129


2022-12-24 17:35:44.1925|ERROR|0|Bot.OnMessageReceived Failed to load language file (Could not find language file)
2022-12-24 17:35:44.1945| INFO|0|Bot.OnMessageReceived User 亚内克 requested: !staijaosda
2022-12-24 17:35:46.2597| INFO|0|Bot.OnMessageReceived User 亚内克 requested: !oasdoa
2022-12-24 17:36:25.4876| INFO|0|Bot.OnMessageReceived User 亚内克 requested: !oasdoa
