2022-12-24 17:05:30.7561| INFO|Core|Setup.LogHeader ────────────[ Bot Muzyczny ]────────────
2022-12-24 17:05:30.7967| INFO|Core|Setup.LogHeader 
2022-12-24 17:05:30.7967| INFO|Core|Setup.LogHeader » Aplikacja stworzona przez Janek.
2022-12-24 17:05:30.7967| INFO|Core|Setup.LogHeader 
2022-12-24 17:05:30.7967| INFO|Core|Setup.LogHeader » Wersja: 1.0
2022-12-24 17:05:30.8018| INFO|Core|Setup.LogHeader 
2022-12-24 17:05:30.8018| INFO|Core|Setup.LogHeader Aplikacja została uruchomiona! Miłego Korzystania!
2022-12-24 17:05:30.8018| INFO|Core|Setup.LogHeader 
2022-12-24 17:05:30.8018| INFO|Core|Setup.LogHeader ────────────[ Bot Muzyczny ]────────────
2022-12-24 17:05:31.4238| INFO|Core|WebServer.StartWebServerInternal Strona została uruchomiona na porcie: 58913
2022-12-24 17:05:32.1676| INFO|Core|Bot.Run Bot "default" połączył się z: "WizardRPG.pl"
2022-12-24 17:05:33.9709| INFO|Core|Ts3Client.ConnectClient Bot został połączony.
2022-12-24 17:05:38.8702| INFO|0|LocalizationManager.DownloadAvaliableLanguages Checking for requested language online
2022-12-24 17:05:39.5887| WARN|0|LocalizationManager.DownloadAvaliableLanguages Failed to download language overview list
TS3AudioBot.AudioBotException: Invalid or malformed response parts. (json-request)
   at TS3AudioBot.Helper.WebWrapper.AsJson[T](HttpRequestMessage request) in C:\Users\Janek\OneDrive\Pulpit\WizardBOTS\TS3AudioBot\Helper\WebWrapper.cs:line 116
   at TS3AudioBot.Localization.LocalizationManager.DownloadAvaliableLanguages() in C:\Users\Janek\OneDrive\Pulpit\WizardBOTS\TS3AudioBot\Localization\LocalizationManager.cs:line 167
2022-12-24 17:05:39.6253|ERROR|0|Bot.OnMessageReceived Failed to load language file (Could not find language file)
2022-12-24 17:05:39.6253| INFO|0|Bot.OnMessageReceived User 亚内克 requested: !stacje
2022-12-24 17:06:23.6987| INFO||Core.ConsoleInterruptHandler Odebrano sygnał przerwania, próba miękkiego wyjścia
2022-12-24 17:06:23.6987| INFO||Core.StopAsync Boty muzyczne wyłączone!
2022-12-24 17:06:23.6987| INFO||Bot.Stop Bot (0) wyłączony.
