2022-12-24 16:59:22.0062| INFO|Core|Setup.LogHeader ────────────[ Bot Muzyczny ]────────────
2022-12-24 16:59:22.0493| INFO|Core|Setup.LogHeader 
2022-12-24 16:59:22.0520| INFO|Core|Setup.LogHeader » Aplikacja stworzona przez Janek.
2022-12-24 16:59:22.0520| INFO|Core|Setup.LogHeader 
2022-12-24 16:59:22.0520| INFO|Core|Setup.LogHeader » Wersja: 1.0
2022-12-24 16:59:22.0520| INFO|Core|Setup.LogHeader 
2022-12-24 16:59:22.0520| INFO|Core|Setup.LogHeader Aplikacja została uruchomiona! Miłego Korzystania!
2022-12-24 16:59:22.0520| INFO|Core|Setup.LogHeader 
2022-12-24 16:59:22.0520| INFO|Core|Setup.LogHeader ────────────[ Bot Muzyczny ]────────────
2022-12-24 16:59:22.6785| INFO|Core|WebServer.StartWebServerInternal Strona została uruchomiona na porcie: 58913
2022-12-24 16:59:23.0089| INFO|Core|Bot.Run Bot "default" połączył się z: "WizardRPG.pl"
2022-12-24 16:59:23.9788| INFO|Core|Ts3Client.ConnectClient Bot został połączony.
2022-12-24 16:59:28.3150| INFO|0|LocalizationManager.DownloadAvaliableLanguages Checking for requested language online
2022-12-24 16:59:28.9537| WARN|0|LocalizationManager.DownloadAvaliableLanguages Failed to download language overview list
TS3AudioBot.AudioBotException: Invalid or malformed response parts. (json-request)
   at TS3AudioBot.Helper.WebWrapper.AsJson[T](HttpRequestMessage request) in C:\Users\Janek\OneDrive\Pulpit\WizardBOTS\TS3AudioBot\Helper\WebWrapper.cs:line 116
   at TS3AudioBot.Localization.LocalizationManager.DownloadAvaliableLanguages() in C:\Users\Janek\OneDrive\Pulpit\WizardBOTS\TS3AudioBot\Localization\LocalizationManager.cs:line 167
2022-12-24 16:59:29.0789|ERROR|0|Bot.OnMessageReceived Failed to load language file (Could not find language file)
2022-12-24 16:59:29.0789| INFO|0|Bot.OnMessageReceived User 亚内克 requested: !stacje
2022-12-24 16:59:51.0917| INFO||Core.ConsoleInterruptHandler Odebrano sygnał przerwania, próba miękkiego wyjścia
2022-12-24 16:59:51.0917| INFO||Core.StopAsync Boty muzyczne wyłączone!
2022-12-24 16:59:51.1025| INFO||Bot.Stop Bot (0) wyłączony.
2022-12-24 16:59:51.2054| INFO||WebServer.Dispose WebServer jest w trakcie wyłączania
2022-12-24 16:59:51.2395| INFO|Core|WebServer.OnShutdown Strona została wyłączona
2022-12-24 16:59:51.2523| INFO||Core.StopAsync Do zobaczenia!
