2022-12-25 14:03:00.1370| INFO|Core|Setup.LogHeader ────────────[ Bot Muzyczny ]────────────
2022-12-25 14:03:00.1761| INFO|Core|Setup.LogHeader 
2022-12-25 14:03:00.1807| INFO|Core|Setup.LogHeader » Aplikacja stworzona przez Janek.
2022-12-25 14:03:00.1807| INFO|Core|Setup.LogHeader 
2022-12-25 14:03:00.1807| INFO|Core|Setup.LogHeader » Wersja: 1.0
2022-12-25 14:03:00.1807| INFO|Core|Setup.LogHeader 
2022-12-25 14:03:00.1807| INFO|Core|Setup.LogHeader Aplikacja została uruchomiona! Miłego Korzystania!
2022-12-25 14:03:00.1807| INFO|Core|Setup.LogHeader 
2022-12-25 14:03:00.1807| INFO|Core|Setup.LogHeader ────────────[ Bot Muzyczny ]────────────
2022-12-25 14:03:00.7039| INFO|Core|WebServer.StartWebServerInternal Strona została uruchomiona na porcie: 58913
2022-12-25 14:03:01.1284| WARN|Core|Bot..ctor Command error path: Command: Error: The command cannot be inserted into a complex node (kolejna).
2022-12-25 14:03:01.1342| WARN|Core|Bot..ctor Command error path: Command: Error: The command cannot be inserted into a complex node (poprzednia).
2022-12-25 14:03:01.1342| WARN|Core|Bot..ctor Command error path: Command: Error: The command cannot be inserted into a complex node (dodaj).
2022-12-25 14:03:01.1575| INFO|Core|Bot.Run Bot "default" połączył się z: "WizardRPG.pl"
2022-12-25 14:03:09.8096| INFO|Core|Ts3Client.ConnectClient Bot został połączony.
2022-12-25 14:03:20.9119| INFO|0|LocalizationManager.DownloadAvaliableLanguages Checking for requested language online
2022-12-25 14:03:21.7174| WARN|0|LocalizationManager.DownloadAvaliableLanguages Failed to download language overview list
TS3AudioBot.AudioBotException: Nieprawidłowe lub źle sformułowane części odpowiedzi. (json-request)
   at TS3AudioBot.Helper.WebWrapper.AsJson[T](HttpRequestMessage request) in C:\Users\Janek\OneDrive\Pulpit\WizardBOTS\TS3AudioBot\Helper\WebWrapper.cs:line 116
   at TS3AudioBot.Localization.LocalizationManager.DownloadAvaliableLanguages() in C:\Users\Janek\OneDrive\Pulpit\WizardBOTS\TS3AudioBot\Localization\LocalizationManager.cs:line 167
2022-12-25 14:03:21.8496|ERROR|0|Bot.OnMessageReceived Failed to load language file (Could not find language file)
2022-12-25 14:03:21.8496| INFO|0|Bot.OnMessageReceived Użytkownik 亚内克 wysłał komende: !nejfazgrubas
2022-12-25 14:03:21.9271| WARN|0|RightsManager.ReadFile Right "cmd.song" is not registered.
2022-12-25 14:03:21.9271| WARN|0|RightsManager.ReadFile Right "cmd.pause" is not registered.
2022-12-25 14:03:21.9271| WARN|0|RightsManager.ReadFile Right "cmd.add" is not registered.
2022-12-25 14:03:21.9271| WARN|0|RightsManager.ReadFile Right "cmd.previous" is not registered.
2022-12-25 14:03:21.9271| WARN|0|RightsManager.ReadFile Right "cmd.next" is not registered.
2022-12-25 14:03:33.3782| INFO|0|Bot.OnMessageReceived Użytkownik 亚内克 wysłał komende: !nejfazgrubas
2022-12-25 14:04:00.7186| INFO|0|Bot.OnMessageReceived Użytkownik 亚内克 wysłał komende: !stacje
2022-12-25 14:07:40.9863| INFO|0|Bot.OnMessageReceived Użytkownik 亚内克 wysłał komende: !pomoc
2022-12-25 14:07:49.3557| INFO|0|Bot.OnMessageReceived Użytkownik 亚内克 wysłał komende: !pomoc
